<?xml version="1.0" encoding="UTF-8"?>
<testng-results total="1" passed="1" failed="0" skipped="0">
  <reporter-output>
  </reporter-output>
  <suite started-at="2018-04-14T06:28:46Z" name="Default suite" finished-at="2018-04-14T06:28:46Z" duration-ms="785">
    <groups>
    </groups>
    <test started-at="2018-04-14T06:28:46Z" name="Default test" finished-at="2018-04-14T06:28:46Z" duration-ms="785">
      <class name="pack1.Excel">
        <test-method signature="openapp()[pri:0, instance:pack1.Excel@7817fd62]" started-at="2018-04-14T11:58:46Z" name="openapp" finished-at="2018-04-14T11:58:46Z" duration-ms="757" status="PASS">
          <reporter-output>
          </reporter-output>
        </test-method> <!-- openapp -->
      </class> <!-- pack1.Excel -->
    </test> <!-- Default test -->
  </suite> <!-- Default suite -->
</testng-results>
